[INFO ] 2019-11-18T03:08:03,927Z [main] server.ServerKt.logStarting - Starting ServerKt on ibl-Latitude-E5450 with PID 14463 (started by ibl in /home/ibl/Desktop/[TIS_Final]_Corda_Code/unpackage/samples/spring-webserver)
[INFO ] 2019-11-18T03:08:04,242Z [main] server.ServerKt.logStartupProfileInfo - No active profile set, falling back to default profiles: default
[INFO ] 2019-11-18T03:08:05,464Z [main] context.AnnotationConfigServletWebServerApplicationContext.prepareRefresh - Refreshing org.springframework.boot.web.servlet.context.AnnotationConfigServletWebServerApplicationContext@2b4b96a4: startup date [Mon Nov 18 10:08:05 ICT 2019]; root of context hierarchy
[WARN ] 2019-11-18T03:08:05,577Z [background-preinit] json.Jackson2ObjectMapperBuilder.registerWellKnownModulesIfAvailable - For Jackson Kotlin classes support please add "com.fasterxml.jackson.module:jackson-module-kotlin" to the classpath
[INFO ] 2019-11-18T03:08:15,506Z [main] tomcat.TomcatWebServer.initialize - Tomcat initialized with port(s): 10055 (http)
[INFO ] 2019-11-18T03:08:16,264Z [localhost-startStop-1] context.ContextLoader.prepareWebApplicationContext - Root WebApplicationContext: initialization completed in 10817 ms
[INFO ] 2019-11-18T03:08:16,538Z [localhost-startStop-1] servlet.ServletRegistrationBean.addRegistration - Servlet dispatcherServlet mapped to [/]
[INFO ] 2019-11-18T03:08:16,604Z [localhost-startStop-1] servlet.FilterRegistrationBean.configure - Mapping filter: 'characterEncodingFilter' to: [/*]
[INFO ] 2019-11-18T03:08:16,609Z [localhost-startStop-1] servlet.FilterRegistrationBean.configure - Mapping filter: 'hiddenHttpMethodFilter' to: [/*]
[INFO ] 2019-11-18T03:08:16,612Z [localhost-startStop-1] servlet.FilterRegistrationBean.configure - Mapping filter: 'httpPutFormContentFilter' to: [/*]
[INFO ] 2019-11-18T03:08:16,619Z [localhost-startStop-1] servlet.FilterRegistrationBean.configure - Mapping filter: 'requestContextFilter' to: [/*]
[INFO ] 2019-11-18T03:08:43,698Z [main] internal.RPCClient.logElapsedTime - Startup took 5803 msec
[INFO ] 2019-11-18T03:08:43,964Z [main] handler.SimpleUrlHandlerMapping.registerHandler - Mapped URL path [/**/favicon.ico] onto handler of type [class org.springframework.web.servlet.resource.ResourceHttpRequestHandler]
[INFO ] 2019-11-18T03:08:44,434Z [main] annotation.RequestMappingHandlerAdapter.initControllerAdviceCache - Looking for @ControllerAdvice: org.springframework.boot.web.servlet.context.AnnotationConfigServletWebServerApplicationContext@2b4b96a4: startup date [Mon Nov 18 10:08:05 ICT 2019]; root of context hierarchy
[INFO ] 2019-11-18T03:08:44,617Z [main] annotation.RequestMappingHandlerMapping.register - Mapped "{[/custom/customendpoint],methods=[GET],produces=[text/plain]}" onto private final java.lang.String net.corda.server.controllers.CustomController.status()
[INFO ] 2019-11-18T03:08:44,629Z [main] annotation.RequestMappingHandlerMapping.register - Mapped "{[/servertime],methods=[GET],produces=[text/plain]}" onto private final java.lang.String net.corda.server.controllers.StandardController.serverTime()
[INFO ] 2019-11-18T03:08:44,634Z [main] annotation.RequestMappingHandlerMapping.register - Mapped "{[/identities],methods=[GET],produces=[text/plain]}" onto private final java.lang.String net.corda.server.controllers.StandardController.identities()
[INFO ] 2019-11-18T03:08:44,639Z [main] annotation.RequestMappingHandlerMapping.register - Mapped "{[/platformversion],methods=[GET],produces=[text/plain]}" onto private final java.lang.String net.corda.server.controllers.StandardController.platformVersion()
[INFO ] 2019-11-18T03:08:44,643Z [main] annotation.RequestMappingHandlerMapping.register - Mapped "{[/peers],methods=[GET],produces=[text/plain]}" onto private final java.lang.String net.corda.server.controllers.StandardController.peers()
[INFO ] 2019-11-18T03:08:44,648Z [main] annotation.RequestMappingHandlerMapping.register - Mapped "{[/flows],methods=[GET],produces=[text/plain]}" onto private final java.lang.String net.corda.server.controllers.StandardController.flows()
[INFO ] 2019-11-18T03:08:44,653Z [main] annotation.RequestMappingHandlerMapping.register - Mapped "{[/states],methods=[GET],produces=[text/plain]}" onto private final java.lang.String net.corda.server.controllers.StandardController.states()
[INFO ] 2019-11-18T03:08:44,658Z [main] annotation.RequestMappingHandlerMapping.register - Mapped "{[/notaries],methods=[GET],produces=[text/plain]}" onto private final java.lang.String net.corda.server.controllers.StandardController.notaries()
[INFO ] 2019-11-18T03:08:44,664Z [main] annotation.RequestMappingHandlerMapping.register - Mapped "{[/addresses],methods=[GET],produces=[text/plain]}" onto private final java.lang.String net.corda.server.controllers.StandardController.addresses()
[INFO ] 2019-11-18T03:08:44,671Z [main] annotation.RequestMappingHandlerMapping.register - Mapped "{[/status],methods=[GET],produces=[text/plain]}" onto private final java.lang.String net.corda.server.controllers.StandardController.status()
[INFO ] 2019-11-18T03:08:44,693Z [main] annotation.RequestMappingHandlerMapping.register - Mapped "{[/error],produces=[text/html]}" onto public org.springframework.web.servlet.ModelAndView org.springframework.boot.autoconfigure.web.servlet.error.BasicErrorController.errorHtml(javax.servlet.http.HttpServletRequest,javax.servlet.http.HttpServletResponse)
[INFO ] 2019-11-18T03:08:44,697Z [main] annotation.RequestMappingHandlerMapping.register - Mapped "{[/error]}" onto public org.springframework.http.ResponseEntity<java.util.Map<java.lang.String, java.lang.Object>> org.springframework.boot.autoconfigure.web.servlet.error.BasicErrorController.error(javax.servlet.http.HttpServletRequest)
[INFO ] 2019-11-18T03:08:44,765Z [main] handler.SimpleUrlHandlerMapping.registerHandler - Mapped URL path [/webjars/**] onto handler of type [class org.springframework.web.servlet.resource.ResourceHttpRequestHandler]
[INFO ] 2019-11-18T03:08:44,769Z [main] handler.SimpleUrlHandlerMapping.registerHandler - Mapped URL path [/**] onto handler of type [class org.springframework.web.servlet.resource.ResourceHttpRequestHandler]
[INFO ] 2019-11-18T03:08:44,862Z [main] servlet.WelcomePageHandlerMapping.<init> - Adding welcome page: class path resource [static/index.html]
[INFO ] 2019-11-18T03:08:45,174Z [main] annotation.AnnotationMBeanExporter.afterSingletonsInstantiated - Registering beans for JMX exposure on startup
[INFO ] 2019-11-18T03:08:45,280Z [main] tomcat.TomcatWebServer.start - Tomcat started on port(s): 10055 (http) with context path ''
[INFO ] 2019-11-18T03:08:45,294Z [main] server.ServerKt.logStarted - Started ServerKt in 44.837 seconds (JVM running for 50.093)
[INFO ] 2019-11-18T03:11:31,702Z [Thread-5] context.AnnotationConfigServletWebServerApplicationContext.doClose - Closing org.springframework.boot.web.servlet.context.AnnotationConfigServletWebServerApplicationContext@2b4b96a4: startup date [Mon Nov 18 10:08:05 ICT 2019]; root of context hierarchy
[INFO ] 2019-11-18T03:11:31,747Z [Thread-5] annotation.AnnotationMBeanExporter.destroy - Unregistering JMX-exposed beans on shutdown
[WARN ] 2019-11-18T03:11:31,754Z [Thread-5] annotation.CommonAnnotationBeanPostProcessor.postProcessBeforeDestruction - Invocation of destroy method failed on bean with name 'nodeRPCConnection': kotlin.UninitializedPropertyAccessException: lateinit property rpcConnection has not been initialized
[INFO ] 2019-11-18T03:11:47,459Z [main] server.ServerKt.logStarting - Starting ServerKt on ibl-Latitude-E5450 with PID 14926 (started by ibl in /home/ibl/Desktop/[TIS_Final]_Corda_Code/unpackage/samples/spring-webserver)
[INFO ] 2019-11-18T03:11:47,615Z [main] server.ServerKt.logStartupProfileInfo - No active profile set, falling back to default profiles: default
[INFO ] 2019-11-18T03:11:47,847Z [main] context.AnnotationConfigServletWebServerApplicationContext.prepareRefresh - Refreshing org.springframework.boot.web.servlet.context.AnnotationConfigServletWebServerApplicationContext@2b4b96a4: startup date [Mon Nov 18 10:11:47 ICT 2019]; root of context hierarchy
[WARN ] 2019-11-18T03:11:48,186Z [background-preinit] json.Jackson2ObjectMapperBuilder.registerWellKnownModulesIfAvailable - For Jackson Kotlin classes support please add "com.fasterxml.jackson.module:jackson-module-kotlin" to the classpath
[INFO ] 2019-11-18T03:11:52,119Z [main] tomcat.TomcatWebServer.initialize - Tomcat initialized with port(s): 10055 (http)
[INFO ] 2019-11-18T03:11:52,609Z [localhost-startStop-1] context.ContextLoader.prepareWebApplicationContext - Root WebApplicationContext: initialization completed in 4764 ms
[INFO ] 2019-11-18T03:11:52,894Z [localhost-startStop-1] servlet.ServletRegistrationBean.addRegistration - Servlet dispatcherServlet mapped to [/]
[INFO ] 2019-11-18T03:11:52,906Z [localhost-startStop-1] servlet.FilterRegistrationBean.configure - Mapping filter: 'characterEncodingFilter' to: [/*]
[INFO ] 2019-11-18T03:11:52,910Z [localhost-startStop-1] servlet.FilterRegistrationBean.configure - Mapping filter: 'hiddenHttpMethodFilter' to: [/*]
[INFO ] 2019-11-18T03:11:52,913Z [localhost-startStop-1] servlet.FilterRegistrationBean.configure - Mapping filter: 'httpPutFormContentFilter' to: [/*]
[INFO ] 2019-11-18T03:11:52,917Z [localhost-startStop-1] servlet.FilterRegistrationBean.configure - Mapping filter: 'requestContextFilter' to: [/*]
[INFO ] 2019-11-18T03:12:02,130Z [main] internal.RPCClient.logElapsedTime - Startup took 2961 msec
[INFO ] 2019-11-18T03:12:02,344Z [main] handler.SimpleUrlHandlerMapping.registerHandler - Mapped URL path [/**/favicon.ico] onto handler of type [class org.springframework.web.servlet.resource.ResourceHttpRequestHandler]
[INFO ] 2019-11-18T03:12:02,762Z [main] annotation.RequestMappingHandlerAdapter.initControllerAdviceCache - Looking for @ControllerAdvice: org.springframework.boot.web.servlet.context.AnnotationConfigServletWebServerApplicationContext@2b4b96a4: startup date [Mon Nov 18 10:11:47 ICT 2019]; root of context hierarchy
[INFO ] 2019-11-18T03:12:03,021Z [main] annotation.RequestMappingHandlerMapping.register - Mapped "{[/custom/customendpoint],methods=[GET],produces=[text/plain]}" onto private final java.lang.String net.corda.server.controllers.CustomController.status()
[INFO ] 2019-11-18T03:12:03,036Z [main] annotation.RequestMappingHandlerMapping.register - Mapped "{[/states],methods=[GET],produces=[text/plain]}" onto private final java.lang.String net.corda.server.controllers.StandardController.states()
[INFO ] 2019-11-18T03:12:03,042Z [main] annotation.RequestMappingHandlerMapping.register - Mapped "{[/servertime],methods=[GET],produces=[text/plain]}" onto private final java.lang.String net.corda.server.controllers.StandardController.serverTime()
[INFO ] 2019-11-18T03:12:03,048Z [main] annotation.RequestMappingHandlerMapping.register - Mapped "{[/identities],methods=[GET],produces=[text/plain]}" onto private final java.lang.String net.corda.server.controllers.StandardController.identities()
[INFO ] 2019-11-18T03:12:03,052Z [main] annotation.RequestMappingHandlerMapping.register - Mapped "{[/platformversion],methods=[GET],produces=[text/plain]}" onto private final java.lang.String net.corda.server.controllers.StandardController.platformVersion()
[INFO ] 2019-11-18T03:12:03,065Z [main] annotation.RequestMappingHandlerMapping.register - Mapped "{[/peers],methods=[GET],produces=[text/plain]}" onto private final java.lang.String net.corda.server.controllers.StandardController.peers()
[INFO ] 2019-11-18T03:12:03,071Z [main] annotation.RequestMappingHandlerMapping.register - Mapped "{[/notaries],methods=[GET],produces=[text/plain]}" onto private final java.lang.String net.corda.server.controllers.StandardController.notaries()
[INFO ] 2019-11-18T03:12:03,080Z [main] annotation.RequestMappingHandlerMapping.register - Mapped "{[/flows],methods=[GET],produces=[text/plain]}" onto private final java.lang.String net.corda.server.controllers.StandardController.flows()
[INFO ] 2019-11-18T03:12:03,087Z [main] annotation.RequestMappingHandlerMapping.register - Mapped "{[/addresses],methods=[GET],produces=[text/plain]}" onto private final java.lang.String net.corda.server.controllers.StandardController.addresses()
[INFO ] 2019-11-18T03:12:03,095Z [main] annotation.RequestMappingHandlerMapping.register - Mapped "{[/status],methods=[GET],produces=[text/plain]}" onto private final java.lang.String net.corda.server.controllers.StandardController.status()
[INFO ] 2019-11-18T03:12:03,117Z [main] annotation.RequestMappingHandlerMapping.register - Mapped "{[/error],produces=[text/html]}" onto public org.springframework.web.servlet.ModelAndView org.springframework.boot.autoconfigure.web.servlet.error.BasicErrorController.errorHtml(javax.servlet.http.HttpServletRequest,javax.servlet.http.HttpServletResponse)
[INFO ] 2019-11-18T03:12:03,121Z [main] annotation.RequestMappingHandlerMapping.register - Mapped "{[/error]}" onto public org.springframework.http.ResponseEntity<java.util.Map<java.lang.String, java.lang.Object>> org.springframework.boot.autoconfigure.web.servlet.error.BasicErrorController.error(javax.servlet.http.HttpServletRequest)
[INFO ] 2019-11-18T03:12:03,167Z [main] handler.SimpleUrlHandlerMapping.registerHandler - Mapped URL path [/webjars/**] onto handler of type [class org.springframework.web.servlet.resource.ResourceHttpRequestHandler]
[INFO ] 2019-11-18T03:12:03,171Z [main] handler.SimpleUrlHandlerMapping.registerHandler - Mapped URL path [/**] onto handler of type [class org.springframework.web.servlet.resource.ResourceHttpRequestHandler]
[INFO ] 2019-11-18T03:12:03,272Z [main] servlet.WelcomePageHandlerMapping.<init> - Adding welcome page: class path resource [static/index.html]
[INFO ] 2019-11-18T03:12:03,513Z [main] annotation.AnnotationMBeanExporter.afterSingletonsInstantiated - Registering beans for JMX exposure on startup
[INFO ] 2019-11-18T03:12:03,600Z [main] tomcat.TomcatWebServer.start - Tomcat started on port(s): 10055 (http) with context path ''
[INFO ] 2019-11-18T03:12:03,612Z [main] server.ServerKt.logStarted - Started ServerKt in 19.203 seconds (JVM running for 24.638)
[INFO ] 2019-11-18T03:15:48,590Z [http-nio-10055-exec-1] servlet.DispatcherServlet.initServletBean - FrameworkServlet 'dispatcherServlet': initialization started
[INFO ] 2019-11-18T03:15:48,671Z [http-nio-10055-exec-1] servlet.DispatcherServlet.initServletBean - FrameworkServlet 'dispatcherServlet': initialization completed in 46 ms
[INFO ] 2019-11-18T03:15:59,310Z [Thread-5] context.AnnotationConfigServletWebServerApplicationContext.doClose - Closing org.springframework.boot.web.servlet.context.AnnotationConfigServletWebServerApplicationContext@2b4b96a4: startup date [Mon Nov 18 10:11:47 ICT 2019]; root of context hierarchy
[INFO ] 2019-11-18T03:15:59,333Z [Thread-5] annotation.AnnotationMBeanExporter.destroy - Unregistering JMX-exposed beans on shutdown
[WARN ] 2019-11-18T03:15:59,341Z [Thread-5] annotation.CommonAnnotationBeanPostProcessor.postProcessBeforeDestruction - Invocation of destroy method failed on bean with name 'nodeRPCConnection': kotlin.UninitializedPropertyAccessException: lateinit property rpcConnection has not been initialized
[INFO ] 2019-11-18T03:17:02,594Z [main] server.ServerKt.logStarting - Starting ServerKt on ibl-Latitude-E5450 with PID 15450 (/home/ibl/Desktop/[TIS_Final]_Corda_Code/unpackage/samples/spring-webserver/build/libs/corda-webserver.jar started by ibl in /home/ibl/Desktop/[TIS_Final]_Corda_Code/unpackage/samples/spring-webserver)
[INFO ] 2019-11-18T03:17:02,667Z [main] server.ServerKt.logStartupProfileInfo - No active profile set, falling back to default profiles: default
[INFO ] 2019-11-18T03:17:02,801Z [main] context.AnnotationConfigServletWebServerApplicationContext.prepareRefresh - Refreshing org.springframework.boot.web.servlet.context.AnnotationConfigServletWebServerApplicationContext@4b45a2f5: startup date [Mon Nov 18 10:17:02 ICT 2019]; root of context hierarchy
[WARN ] 2019-11-18T03:17:02,952Z [background-preinit] json.Jackson2ObjectMapperBuilder.registerWellKnownModulesIfAvailable - For Jackson Kotlin classes support please add "com.fasterxml.jackson.module:jackson-module-kotlin" to the classpath
[INFO ] 2019-11-18T03:17:05,228Z [main] tomcat.TomcatWebServer.initialize - Tomcat initialized with port(s): 10055 (http)
[INFO ] 2019-11-18T03:17:05,523Z [localhost-startStop-1] context.ContextLoader.prepareWebApplicationContext - Root WebApplicationContext: initialization completed in 2724 ms
[INFO ] 2019-11-18T03:17:05,836Z [localhost-startStop-1] servlet.ServletRegistrationBean.addRegistration - Servlet dispatcherServlet mapped to [/]
[INFO ] 2019-11-18T03:17:05,851Z [localhost-startStop-1] servlet.FilterRegistrationBean.configure - Mapping filter: 'characterEncodingFilter' to: [/*]
[INFO ] 2019-11-18T03:17:05,856Z [localhost-startStop-1] servlet.FilterRegistrationBean.configure - Mapping filter: 'hiddenHttpMethodFilter' to: [/*]
[INFO ] 2019-11-18T03:17:05,863Z [localhost-startStop-1] servlet.FilterRegistrationBean.configure - Mapping filter: 'httpPutFormContentFilter' to: [/*]
[INFO ] 2019-11-18T03:17:05,868Z [localhost-startStop-1] servlet.FilterRegistrationBean.configure - Mapping filter: 'requestContextFilter' to: [/*]
[INFO ] 2019-11-18T03:17:11,755Z [main] internal.RPCClient.logElapsedTime - Startup took 2017 msec
[INFO ] 2019-11-18T03:17:12,005Z [main] handler.SimpleUrlHandlerMapping.registerHandler - Mapped URL path [/**/favicon.ico] onto handler of type [class org.springframework.web.servlet.resource.ResourceHttpRequestHandler]
[INFO ] 2019-11-18T03:17:12,448Z [main] annotation.RequestMappingHandlerAdapter.initControllerAdviceCache - Looking for @ControllerAdvice: org.springframework.boot.web.servlet.context.AnnotationConfigServletWebServerApplicationContext@4b45a2f5: startup date [Mon Nov 18 10:17:02 ICT 2019]; root of context hierarchy
[INFO ] 2019-11-18T03:17:12,587Z [main] annotation.RequestMappingHandlerMapping.register - Mapped "{[/custom/customendpoint],methods=[GET],produces=[text/plain]}" onto private final java.lang.String net.corda.server.controllers.CustomController.status()
[INFO ] 2019-11-18T03:17:12,598Z [main] annotation.RequestMappingHandlerMapping.register - Mapped "{[/states],methods=[GET],produces=[text/plain]}" onto private final java.lang.String net.corda.server.controllers.StandardController.states()
[INFO ] 2019-11-18T03:17:12,603Z [main] annotation.RequestMappingHandlerMapping.register - Mapped "{[/addresses],methods=[GET],produces=[text/plain]}" onto private final java.lang.String net.corda.server.controllers.StandardController.addresses()
[INFO ] 2019-11-18T03:17:12,608Z [main] annotation.RequestMappingHandlerMapping.register - Mapped "{[/platformversion],methods=[GET],produces=[text/plain]}" onto private final java.lang.String net.corda.server.controllers.StandardController.platformVersion()
[INFO ] 2019-11-18T03:17:12,613Z [main] annotation.RequestMappingHandlerMapping.register - Mapped "{[/peers],methods=[GET],produces=[text/plain]}" onto private final java.lang.String net.corda.server.controllers.StandardController.peers()
[INFO ] 2019-11-18T03:17:12,618Z [main] annotation.RequestMappingHandlerMapping.register - Mapped "{[/notaries],methods=[GET],produces=[text/plain]}" onto private final java.lang.String net.corda.server.controllers.StandardController.notaries()
[INFO ] 2019-11-18T03:17:12,623Z [main] annotation.RequestMappingHandlerMapping.register - Mapped "{[/flows],methods=[GET],produces=[text/plain]}" onto private final java.lang.String net.corda.server.controllers.StandardController.flows()
[INFO ] 2019-11-18T03:17:12,629Z [main] annotation.RequestMappingHandlerMapping.register - Mapped "{[/servertime],methods=[GET],produces=[text/plain]}" onto private final java.lang.String net.corda.server.controllers.StandardController.serverTime()
[INFO ] 2019-11-18T03:17:12,634Z [main] annotation.RequestMappingHandlerMapping.register - Mapped "{[/identities],methods=[GET],produces=[text/plain]}" onto private final java.lang.String net.corda.server.controllers.StandardController.identities()
[INFO ] 2019-11-18T03:17:12,639Z [main] annotation.RequestMappingHandlerMapping.register - Mapped "{[/status],methods=[GET],produces=[text/plain]}" onto private final java.lang.String net.corda.server.controllers.StandardController.status()
[INFO ] 2019-11-18T03:17:12,658Z [main] annotation.RequestMappingHandlerMapping.register - Mapped "{[/error],produces=[text/html]}" onto public org.springframework.web.servlet.ModelAndView org.springframework.boot.autoconfigure.web.servlet.error.BasicErrorController.errorHtml(javax.servlet.http.HttpServletRequest,javax.servlet.http.HttpServletResponse)
[INFO ] 2019-11-18T03:17:12,662Z [main] annotation.RequestMappingHandlerMapping.register - Mapped "{[/error]}" onto public org.springframework.http.ResponseEntity<java.util.Map<java.lang.String, java.lang.Object>> org.springframework.boot.autoconfigure.web.servlet.error.BasicErrorController.error(javax.servlet.http.HttpServletRequest)
[INFO ] 2019-11-18T03:17:12,718Z [main] handler.SimpleUrlHandlerMapping.registerHandler - Mapped URL path [/webjars/**] onto handler of type [class org.springframework.web.servlet.resource.ResourceHttpRequestHandler]
[INFO ] 2019-11-18T03:17:12,721Z [main] handler.SimpleUrlHandlerMapping.registerHandler - Mapped URL path [/**] onto handler of type [class org.springframework.web.servlet.resource.ResourceHttpRequestHandler]
[INFO ] 2019-11-18T03:17:12,809Z [main] servlet.WelcomePageHandlerMapping.<init> - Adding welcome page: class path resource [static/index.html]
[INFO ] 2019-11-18T03:17:13,078Z [main] annotation.AnnotationMBeanExporter.afterSingletonsInstantiated - Registering beans for JMX exposure on startup
[INFO ] 2019-11-18T03:17:13,199Z [main] tomcat.TomcatWebServer.start - Tomcat started on port(s): 10055 (http) with context path ''
[INFO ] 2019-11-18T03:17:13,209Z [main] server.ServerKt.logStarted - Started ServerKt in 11.814 seconds (JVM running for 13.971)
[INFO ] 2019-11-18T03:17:32,801Z [http-nio-10055-exec-1] servlet.DispatcherServlet.initServletBean - FrameworkServlet 'dispatcherServlet': initialization started
[INFO ] 2019-11-18T03:17:32,850Z [http-nio-10055-exec-1] servlet.DispatcherServlet.initServletBean - FrameworkServlet 'dispatcherServlet': initialization completed in 34 ms
[INFO ] 2019-11-18T03:17:37,493Z [Thread-5] context.AnnotationConfigServletWebServerApplicationContext.doClose - Closing org.springframework.boot.web.servlet.context.AnnotationConfigServletWebServerApplicationContext@4b45a2f5: startup date [Mon Nov 18 10:17:02 ICT 2019]; root of context hierarchy
[INFO ] 2019-11-18T03:17:37,509Z [Thread-5] annotation.AnnotationMBeanExporter.destroy - Unregistering JMX-exposed beans on shutdown
[WARN ] 2019-11-18T03:17:37,514Z [Thread-5] annotation.CommonAnnotationBeanPostProcessor.postProcessBeforeDestruction - Invocation of destroy method failed on bean with name 'nodeRPCConnection': kotlin.UninitializedPropertyAccessException: lateinit property rpcConnection has not been initialized
[WARN ] 2019-11-18T03:18:02,586Z [background-preinit] json.Jackson2ObjectMapperBuilder.registerWellKnownModulesIfAvailable - For Jackson Kotlin classes support please add "com.fasterxml.jackson.module:jackson-module-kotlin" to the classpath
[INFO ] 2019-11-18T03:18:02,886Z [main] server.ServerKt.logStarting - Starting ServerKt on ibl-Latitude-E5450 with PID 15643 (started by ibl in /home/ibl/Desktop/[TIS_Final]_Corda_Code/unpackage/samples/spring-webserver)
[INFO ] 2019-11-18T03:18:02,911Z [main] server.ServerKt.logStartupProfileInfo - No active profile set, falling back to default profiles: default
[INFO ] 2019-11-18T03:18:03,011Z [main] context.AnnotationConfigServletWebServerApplicationContext.prepareRefresh - Refreshing org.springframework.boot.web.servlet.context.AnnotationConfigServletWebServerApplicationContext@70ab80e3: startup date [Mon Nov 18 10:18:03 ICT 2019]; root of context hierarchy
[INFO ] 2019-11-18T03:18:04,722Z [main] tomcat.TomcatWebServer.initialize - Tomcat initialized with port(s): 10055 (http)
[INFO ] 2019-11-18T03:18:04,974Z [localhost-startStop-1] context.ContextLoader.prepareWebApplicationContext - Root WebApplicationContext: initialization completed in 1963 ms
[INFO ] 2019-11-18T03:18:05,155Z [localhost-startStop-1] servlet.ServletRegistrationBean.addRegistration - Servlet dispatcherServlet mapped to [/]
[INFO ] 2019-11-18T03:18:05,165Z [localhost-startStop-1] servlet.FilterRegistrationBean.configure - Mapping filter: 'characterEncodingFilter' to: [/*]
[INFO ] 2019-11-18T03:18:05,170Z [localhost-startStop-1] servlet.FilterRegistrationBean.configure - Mapping filter: 'hiddenHttpMethodFilter' to: [/*]
[INFO ] 2019-11-18T03:18:05,175Z [localhost-startStop-1] servlet.FilterRegistrationBean.configure - Mapping filter: 'httpPutFormContentFilter' to: [/*]
[INFO ] 2019-11-18T03:18:05,179Z [localhost-startStop-1] servlet.FilterRegistrationBean.configure - Mapping filter: 'requestContextFilter' to: [/*]
[INFO ] 2019-11-18T03:18:09,475Z [main] internal.RPCClient.logElapsedTime - Startup took 1473 msec
[INFO ] 2019-11-18T03:18:09,698Z [main] handler.SimpleUrlHandlerMapping.registerHandler - Mapped URL path [/**/favicon.ico] onto handler of type [class org.springframework.web.servlet.resource.ResourceHttpRequestHandler]
[INFO ] 2019-11-18T03:18:10,108Z [main] annotation.RequestMappingHandlerAdapter.initControllerAdviceCache - Looking for @ControllerAdvice: org.springframework.boot.web.servlet.context.AnnotationConfigServletWebServerApplicationContext@70ab80e3: startup date [Mon Nov 18 10:18:03 ICT 2019]; root of context hierarchy
[INFO ] 2019-11-18T03:18:10,247Z [main] annotation.RequestMappingHandlerMapping.register - Mapped "{[/custom/customendpoint],methods=[GET],produces=[text/plain]}" onto private final java.lang.String net.corda.server.controllers.CustomController.status()
[INFO ] 2019-11-18T03:18:10,259Z [main] annotation.RequestMappingHandlerMapping.register - Mapped "{[/addresses],methods=[GET],produces=[text/plain]}" onto private final java.lang.String net.corda.server.controllers.StandardController.addresses()
[INFO ] 2019-11-18T03:18:10,266Z [main] annotation.RequestMappingHandlerMapping.register - Mapped "{[/states],methods=[GET],produces=[text/plain]}" onto private final java.lang.String net.corda.server.controllers.StandardController.states()
[INFO ] 2019-11-18T03:18:10,272Z [main] annotation.RequestMappingHandlerMapping.register - Mapped "{[/flows],methods=[GET],produces=[text/plain]}" onto private final java.lang.String net.corda.server.controllers.StandardController.flows()
[INFO ] 2019-11-18T03:18:10,277Z [main] annotation.RequestMappingHandlerMapping.register - Mapped "{[/servertime],methods=[GET],produces=[text/plain]}" onto private final java.lang.String net.corda.server.controllers.StandardController.serverTime()
[INFO ] 2019-11-18T03:18:10,283Z [main] annotation.RequestMappingHandlerMapping.register - Mapped "{[/identities],methods=[GET],produces=[text/plain]}" onto private final java.lang.String net.corda.server.controllers.StandardController.identities()
[INFO ] 2019-11-18T03:18:10,288Z [main] annotation.RequestMappingHandlerMapping.register - Mapped "{[/platformversion],methods=[GET],produces=[text/plain]}" onto private final java.lang.String net.corda.server.controllers.StandardController.platformVersion()
[INFO ] 2019-11-18T03:18:10,293Z [main] annotation.RequestMappingHandlerMapping.register - Mapped "{[/peers],methods=[GET],produces=[text/plain]}" onto private final java.lang.String net.corda.server.controllers.StandardController.peers()
[INFO ] 2019-11-18T03:18:10,298Z [main] annotation.RequestMappingHandlerMapping.register - Mapped "{[/notaries],methods=[GET],produces=[text/plain]}" onto private final java.lang.String net.corda.server.controllers.StandardController.notaries()
[INFO ] 2019-11-18T03:18:10,305Z [main] annotation.RequestMappingHandlerMapping.register - Mapped "{[/status],methods=[GET],produces=[text/plain]}" onto private final java.lang.String net.corda.server.controllers.StandardController.status()
[INFO ] 2019-11-18T03:18:10,324Z [main] annotation.RequestMappingHandlerMapping.register - Mapped "{[/error],produces=[text/html]}" onto public org.springframework.web.servlet.ModelAndView org.springframework.boot.autoconfigure.web.servlet.error.BasicErrorController.errorHtml(javax.servlet.http.HttpServletRequest,javax.servlet.http.HttpServletResponse)
[INFO ] 2019-11-18T03:18:10,330Z [main] annotation.RequestMappingHandlerMapping.register - Mapped "{[/error]}" onto public org.springframework.http.ResponseEntity<java.util.Map<java.lang.String, java.lang.Object>> org.springframework.boot.autoconfigure.web.servlet.error.BasicErrorController.error(javax.servlet.http.HttpServletRequest)
[INFO ] 2019-11-18T03:18:10,375Z [main] handler.SimpleUrlHandlerMapping.registerHandler - Mapped URL path [/webjars/**] onto handler of type [class org.springframework.web.servlet.resource.ResourceHttpRequestHandler]
[INFO ] 2019-11-18T03:18:10,380Z [main] handler.SimpleUrlHandlerMapping.registerHandler - Mapped URL path [/**] onto handler of type [class org.springframework.web.servlet.resource.ResourceHttpRequestHandler]
[INFO ] 2019-11-18T03:18:10,461Z [main] servlet.WelcomePageHandlerMapping.<init> - Adding welcome page: class path resource [static/index.html]
[INFO ] 2019-11-18T03:18:10,685Z [main] annotation.AnnotationMBeanExporter.afterSingletonsInstantiated - Registering beans for JMX exposure on startup
[INFO ] 2019-11-18T03:18:10,751Z [main] tomcat.TomcatWebServer.start - Tomcat started on port(s): 10055 (http) with context path ''
[INFO ] 2019-11-18T03:18:10,761Z [main] server.ServerKt.logStarted - Started ServerKt in 9.298 seconds (JVM running for 11.161)
[INFO ] 2019-11-18T03:18:15,480Z [http-nio-10055-exec-1] servlet.DispatcherServlet.initServletBean - FrameworkServlet 'dispatcherServlet': initialization started
[INFO ] 2019-11-18T03:18:15,524Z [http-nio-10055-exec-1] servlet.DispatcherServlet.initServletBean - FrameworkServlet 'dispatcherServlet': initialization completed in 27 ms
[INFO ] 2019-11-18T03:18:19,354Z [Thread-5] context.AnnotationConfigServletWebServerApplicationContext.doClose - Closing org.springframework.boot.web.servlet.context.AnnotationConfigServletWebServerApplicationContext@70ab80e3: startup date [Mon Nov 18 10:18:03 ICT 2019]; root of context hierarchy
[INFO ] 2019-11-18T03:18:19,371Z [Thread-5] annotation.AnnotationMBeanExporter.destroy - Unregistering JMX-exposed beans on shutdown
[WARN ] 2019-11-18T03:18:19,376Z [Thread-5] annotation.CommonAnnotationBeanPostProcessor.postProcessBeforeDestruction - Invocation of destroy method failed on bean with name 'nodeRPCConnection': kotlin.UninitializedPropertyAccessException: lateinit property rpcConnection has not been initialized
[WARN ] 2019-11-18T03:18:25,999Z [background-preinit] json.Jackson2ObjectMapperBuilder.registerWellKnownModulesIfAvailable - For Jackson Kotlin classes support please add "com.fasterxml.jackson.module:jackson-module-kotlin" to the classpath
[INFO ] 2019-11-18T03:18:26,333Z [main] server.ServerKt.logStarting - Starting ServerKt on ibl-Latitude-E5450 with PID 15765 (started by ibl in /home/ibl/Desktop/[TIS_Final]_Corda_Code/unpackage/samples/spring-webserver)
[INFO ] 2019-11-18T03:18:26,378Z [main] server.ServerKt.logStartupProfileInfo - No active profile set, falling back to default profiles: default
[INFO ] 2019-11-18T03:18:26,482Z [main] context.AnnotationConfigServletWebServerApplicationContext.prepareRefresh - Refreshing org.springframework.boot.web.servlet.context.AnnotationConfigServletWebServerApplicationContext@70ab80e3: startup date [Mon Nov 18 10:18:26 ICT 2019]; root of context hierarchy
[INFO ] 2019-11-18T03:18:28,388Z [main] tomcat.TomcatWebServer.initialize - Tomcat initialized with port(s): 10055 (http)
[INFO ] 2019-11-18T03:18:28,682Z [localhost-startStop-1] context.ContextLoader.prepareWebApplicationContext - Root WebApplicationContext: initialization completed in 2200 ms
[INFO ] 2019-11-18T03:18:28,849Z [localhost-startStop-1] servlet.ServletRegistrationBean.addRegistration - Servlet dispatcherServlet mapped to [/]
[INFO ] 2019-11-18T03:18:28,861Z [localhost-startStop-1] servlet.FilterRegistrationBean.configure - Mapping filter: 'characterEncodingFilter' to: [/*]
[INFO ] 2019-11-18T03:18:28,866Z [localhost-startStop-1] servlet.FilterRegistrationBean.configure - Mapping filter: 'hiddenHttpMethodFilter' to: [/*]
[INFO ] 2019-11-18T03:18:28,872Z [localhost-startStop-1] servlet.FilterRegistrationBean.configure - Mapping filter: 'httpPutFormContentFilter' to: [/*]
[INFO ] 2019-11-18T03:18:28,877Z [localhost-startStop-1] servlet.FilterRegistrationBean.configure - Mapping filter: 'requestContextFilter' to: [/*]
[INFO ] 2019-11-18T03:18:32,960Z [main] internal.RPCClient.logElapsedTime - Startup took 1379 msec
[INFO ] 2019-11-18T03:18:33,152Z [main] handler.SimpleUrlHandlerMapping.registerHandler - Mapped URL path [/**/favicon.ico] onto handler of type [class org.springframework.web.servlet.resource.ResourceHttpRequestHandler]
[INFO ] 2019-11-18T03:18:33,555Z [main] annotation.RequestMappingHandlerAdapter.initControllerAdviceCache - Looking for @ControllerAdvice: org.springframework.boot.web.servlet.context.AnnotationConfigServletWebServerApplicationContext@70ab80e3: startup date [Mon Nov 18 10:18:26 ICT 2019]; root of context hierarchy
[INFO ] 2019-11-18T03:18:33,723Z [main] annotation.RequestMappingHandlerMapping.register - Mapped "{[/custom/customendpoint],methods=[GET],produces=[text/plain]}" onto private final java.lang.String net.corda.server.controllers.CustomController.status()
[INFO ] 2019-11-18T03:18:33,735Z [main] annotation.RequestMappingHandlerMapping.register - Mapped "{[/addresses],methods=[GET],produces=[text/plain]}" onto private final java.lang.String net.corda.server.controllers.StandardController.addresses()
[INFO ] 2019-11-18T03:18:33,740Z [main] annotation.RequestMappingHandlerMapping.register - Mapped "{[/states],methods=[GET],produces=[text/plain]}" onto private final java.lang.String net.corda.server.controllers.StandardController.states()
[INFO ] 2019-11-18T03:18:33,746Z [main] annotation.RequestMappingHandlerMapping.register - Mapped "{[/platformversion],methods=[GET],produces=[text/plain]}" onto private final java.lang.String net.corda.server.controllers.StandardController.platformVersion()
[INFO ] 2019-11-18T03:18:33,750Z [main] annotation.RequestMappingHandlerMapping.register - Mapped "{[/peers],methods=[GET],produces=[text/plain]}" onto private final java.lang.String net.corda.server.controllers.StandardController.peers()
[INFO ] 2019-11-18T03:18:33,761Z [main] annotation.RequestMappingHandlerMapping.register - Mapped "{[/notaries],methods=[GET],produces=[text/plain]}" onto private final java.lang.String net.corda.server.controllers.StandardController.notaries()
[INFO ] 2019-11-18T03:18:33,770Z [main] annotation.RequestMappingHandlerMapping.register - Mapped "{[/flows],methods=[GET],produces=[text/plain]}" onto private final java.lang.String net.corda.server.controllers.StandardController.flows()
[INFO ] 2019-11-18T03:18:33,775Z [main] annotation.RequestMappingHandlerMapping.register - Mapped "{[/servertime],methods=[GET],produces=[text/plain]}" onto private final java.lang.String net.corda.server.controllers.StandardController.serverTime()
[INFO ] 2019-11-18T03:18:33,780Z [main] annotation.RequestMappingHandlerMapping.register - Mapped "{[/identities],methods=[GET],produces=[text/plain]}" onto private final java.lang.String net.corda.server.controllers.StandardController.identities()
[INFO ] 2019-11-18T03:18:33,786Z [main] annotation.RequestMappingHandlerMapping.register - Mapped "{[/status],methods=[GET],produces=[text/plain]}" onto private final java.lang.String net.corda.server.controllers.StandardController.status()
[INFO ] 2019-11-18T03:18:33,807Z [main] annotation.RequestMappingHandlerMapping.register - Mapped "{[/error],produces=[text/html]}" onto public org.springframework.web.servlet.ModelAndView org.springframework.boot.autoconfigure.web.servlet.error.BasicErrorController.errorHtml(javax.servlet.http.HttpServletRequest,javax.servlet.http.HttpServletResponse)
[INFO ] 2019-11-18T03:18:33,812Z [main] annotation.RequestMappingHandlerMapping.register - Mapped "{[/error]}" onto public org.springframework.http.ResponseEntity<java.util.Map<java.lang.String, java.lang.Object>> org.springframework.boot.autoconfigure.web.servlet.error.BasicErrorController.error(javax.servlet.http.HttpServletRequest)
[INFO ] 2019-11-18T03:18:33,862Z [main] handler.SimpleUrlHandlerMapping.registerHandler - Mapped URL path [/webjars/**] onto handler of type [class org.springframework.web.servlet.resource.ResourceHttpRequestHandler]
[INFO ] 2019-11-18T03:18:33,866Z [main] handler.SimpleUrlHandlerMapping.registerHandler - Mapped URL path [/**] onto handler of type [class org.springframework.web.servlet.resource.ResourceHttpRequestHandler]
[INFO ] 2019-11-18T03:18:33,958Z [main] servlet.WelcomePageHandlerMapping.<init> - Adding welcome page: class path resource [static/index.html]
[INFO ] 2019-11-18T03:18:34,175Z [main] annotation.AnnotationMBeanExporter.afterSingletonsInstantiated - Registering beans for JMX exposure on startup
[INFO ] 2019-11-18T03:18:34,249Z [main] tomcat.TomcatWebServer.start - Tomcat started on port(s): 10055 (http) with context path ''
[INFO ] 2019-11-18T03:18:34,260Z [main] server.ServerKt.logStarted - Started ServerKt in 9.323 seconds (JVM running for 10.987)
[INFO ] 2019-11-18T03:20:59,847Z [http-nio-10055-exec-1] servlet.DispatcherServlet.initServletBean - FrameworkServlet 'dispatcherServlet': initialization started
[INFO ] 2019-11-18T03:20:59,883Z [http-nio-10055-exec-1] servlet.DispatcherServlet.initServletBean - FrameworkServlet 'dispatcherServlet': initialization completed in 22 ms
[INFO ] 2019-11-18T03:23:57,147Z [Thread-5] context.AnnotationConfigServletWebServerApplicationContext.doClose - Closing org.springframework.boot.web.servlet.context.AnnotationConfigServletWebServerApplicationContext@70ab80e3: startup date [Mon Nov 18 10:18:26 ICT 2019]; root of context hierarchy
[INFO ] 2019-11-18T03:23:57,170Z [Thread-5] annotation.AnnotationMBeanExporter.destroy - Unregistering JMX-exposed beans on shutdown
[WARN ] 2019-11-18T03:23:57,176Z [Thread-5] annotation.CommonAnnotationBeanPostProcessor.postProcessBeforeDestruction - Invocation of destroy method failed on bean with name 'nodeRPCConnection': kotlin.UninitializedPropertyAccessException: lateinit property rpcConnection has not been initialized
